[debug] [2024-03-04T20:17:21.054Z] ----------------------------------------------------------------------
[debug] [2024-03-04T20:17:21.056Z] Command:       C:\Program Files\nodejs\node.exe C:\Users\00989352595\AppData\Roaming\npm\node_modules\firebase-tools\lib\bin\firebase.js init
[debug] [2024-03-04T20:17:21.056Z] CLI Version:   13.4.0
[debug] [2024-03-04T20:17:21.056Z] Platform:      win32
[debug] [2024-03-04T20:17:21.056Z] Node Version:  v20.11.0
[debug] [2024-03-04T20:17:21.056Z] Time:          Mon Mar 04 2024 17:17:21 GMT-0300 (Horário Padrão de Brasília)
[debug] [2024-03-04T20:17:21.056Z] ----------------------------------------------------------------------
[debug] 
[debug] [2024-03-04T20:17:21.060Z] > command requires scopes: ["email","openid","https://www.googleapis.com/auth/cloudplatformprojects.readonly","https://www.googleapis.com/auth/firebase","https://www.googleapis.com/auth/cloud-platform"]
[debug] [2024-03-04T20:17:21.060Z] > authorizing via signed-in user (daviddemolidor.dvpl@gmail.com)
[info] 
     ######## #### ########  ######## ########     ###     ######  ########
     ##        ##  ##     ## ##       ##     ##  ##   ##  ##       ##
     ######    ##  ########  ######   ########  #########  ######  ######
     ##        ##  ##    ##  ##       ##     ## ##     ##       ## ##
     ##       #### ##     ## ######## ########  ##     ##  ######  ########

You're about to initialize a Firebase project in this directory:

  C:\Users\00989352595\Documents\restic18_front_end\Semana13\FEB-P013

[info] 
=== Project Setup
[info] 
[info] First, let's associate this project directory with a Firebase project.
[info] You can create multiple project aliases by running firebase use --add, 
[info] but for now we'll just set up a default project.
[info] 
[debug] [2024-03-04T20:17:53.642Z] >>> [apiv2][query] GET https://firebase.googleapis.com/v1beta1/projects pageSize=100
[debug] [2024-03-04T20:17:54.356Z] <<< [apiv2][status] GET https://firebase.googleapis.com/v1beta1/projects 200
[debug] [2024-03-04T20:17:54.357Z] <<< [apiv2][body] GET https://firebase.googleapis.com/v1beta1/projects [omitted]
[info] i  Using project atendimento-petshop (atendimento-petshop) 
[info] 
=== Hosting Setup
[debug] [2024-03-04T20:17:56.620Z] >>> [apiv2][query] GET https://firebase.googleapis.com/v1beta1/projects/atendimento-petshop [none]
[debug] [2024-03-04T20:17:56.951Z] <<< [apiv2][status] GET https://firebase.googleapis.com/v1beta1/projects/atendimento-petshop 200
[debug] [2024-03-04T20:17:56.951Z] <<< [apiv2][body] GET https://firebase.googleapis.com/v1beta1/projects/atendimento-petshop {"projectId":"atendimento-petshop","projectNumber":"268635656231","displayName":"atendimento-petshop","name":"projects/atendimento-petshop","resources":{"hostingSite":"atendimento-petshop"},"state":"ACTIVE","etag":"1_aa6f5dbf-4cea-4f1f-90db-3c3616ac268e"}
[info] 
[info] Your public directory is the folder (relative to your project directory) that
[info] will contain Hosting assets to be uploaded with firebase deploy. If you
[info] have a build process for your assets, use your build's output directory.
[info] 
[debug] [2024-03-04T20:18:13.558Z] >>> [apiv2][query] GET https://www.gstatic.com/firebasejs/releases.json [none]
[debug] [2024-03-04T20:18:13.766Z] <<< [apiv2][status] GET https://www.gstatic.com/firebasejs/releases.json 200
[debug] [2024-03-04T20:18:13.766Z] <<< [apiv2][body] GET https://www.gstatic.com/firebasejs/releases.json {"current":{"version":"10.8.1","browserURL":"https://www.gstatic.com/firebasejs/10.8.1/firebase.js","packageURL":"https://www.gstatic.com/firebasejs/10.8.1/firebase.tgz"},"live":{"version":"10.8","browserURL":"https://www.gstatic.com/firebasejs/live/10.8/firebase.js","packageURL":"https://www.gstatic.com/firebasejs/live/10.8/firebase.tgz"},"components":{"analytics":"https://www.gstatic.com/firebasejs/10.8.1/firebase-analytics.js","app":"https://www.gstatic.com/firebasejs/10.8.1/firebase-app.js","app-check":"https://www.gstatic.com/firebasejs/10.8.1/firebase-app-check.js","auth":"https://www.gstatic.com/firebasejs/10.8.1/firebase-auth.js","auth/cordova":"https://www.gstatic.com/firebasejs/10.8.1/firebase-auth/cordova.js","auth/web-extension":"https://www.gstatic.com/firebasejs/10.8.1/firebase-auth/web-extension.js","functions":"https://www.gstatic.com/firebasejs/10.8.1/firebase-functions.js","firestore":"https://www.gstatic.com/firebasejs/10.8.1/firebase-firestore.js","firestore/lite":"https://www.gstatic.com/firebasejs/10.8.1/firebase-firestore/lite.js","installations":"https://www.gstatic.com/firebasejs/10.8.1/firebase-installations.js","storage":"https://www.gstatic.com/firebasejs/10.8.1/firebase-storage.js","performance":"https://www.gstatic.com/firebasejs/10.8.1/firebase-performance.js","remote-config":"https://www.gstatic.com/firebasejs/10.8.1/firebase-remote-config.js","messaging":"https://www.gstatic.com/firebasejs/10.8.1/firebase-messaging.js","messaging/sw":"https://www.gstatic.com/firebasejs/10.8.1/firebase-messaging/sw.js","database":"https://www.gstatic.com/firebasejs/10.8.1/firebase-database.js","firestore.memory":"https://www.gstatic.com/firebasejs/10.8.1/firebase-firestore.memory.js"}}
[info] +  Wrote public/index.html 
[info] 
[info] i  Detected a .git folder at C:\Users\00989352595\Documents\restic18_front_end 
[info] i  Authorizing with GitHub to upload your service account to a GitHub repository's secrets store. 
[info] 
[info] Visit this URL on this device to log in:
[info] https://github.com/login/oauth/authorize?client_id=89cf50f02ac6aaed3484&state=191830481&redirect_uri=http%3A%2F%2Flocalhost%3A9005&scope=read%3Auser%20repo%20public_repo
[info] 
[info] Waiting for authentication...
[debug] [2024-03-04T20:18:39.456Z] >>> [apiv2][query] POST https://github.com/login/oauth/access_token [none]
[debug] [2024-03-04T20:18:39.457Z] >>> [apiv2][body] POST https://github.com/login/oauth/access_token [stream]
[debug] [2024-03-04T20:18:39.780Z] <<< [apiv2][status] POST https://github.com/login/oauth/access_token 200
[debug] [2024-03-04T20:18:39.780Z] <<< [apiv2][body] POST https://github.com/login/oauth/access_token {"access_token":"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","token_type":"bearer","scope":"read:user,repo"}
[debug] [2024-03-04T20:18:39.786Z] >>> [apiv2][query] GET https://api.github.com/user [none]
[debug] [2024-03-04T20:18:40.135Z] <<< [apiv2][status] GET https://api.github.com/user 200
[debug] [2024-03-04T20:18:40.136Z] <<< [apiv2][body] GET https://api.github.com/user {"login":"Ishinaru","id":89021158,"node_id":"MDQ6VXNlcjg5MDIxMTU4","avatar_url":"https://avatars.githubusercontent.com/u/89021158?v=4","gravatar_id":"","url":"https://api.github.com/users/Ishinaru","html_url":"https://github.com/Ishinaru","followers_url":"https://api.github.com/users/Ishinaru/followers","following_url":"https://api.github.com/users/Ishinaru/following{/other_user}","gists_url":"https://api.github.com/users/Ishinaru/gists{/gist_id}","starred_url":"https://api.github.com/users/Ishinaru/starred{/owner}{/repo}","subscriptions_url":"https://api.github.com/users/Ishinaru/subscriptions","organizations_url":"https://api.github.com/users/Ishinaru/orgs","repos_url":"https://api.github.com/users/Ishinaru/repos","events_url":"https://api.github.com/users/Ishinaru/events{/privacy}","received_events_url":"https://api.github.com/users/Ishinaru/received_events","type":"User","site_admin":false,"name":"David Vinícius Pereira Lima","company":null,"blog":"","location":null,"email":null,"hireable":null,"bio":null,"twitter_username":null,"public_repos":17,"public_gists":0,"followers":9,"following":9,"created_at":"2021-08-16T12:29:36Z","updated_at":"2024-02-23T13:14:05Z","private_gists":0,"total_private_repos":1,"owned_private_repos":1,"disk_usage":27971,"collaborators":0,"two_factor_authentication":false,"plan":{"name":"pro","space":976562499,"collaborators":0,"private_repos":9999}}
[info] 
[info] +  Success! Logged into GitHub as Ishinaru 
[info] 
[debug] [2024-03-04T20:18:47.260Z] >>> [apiv2][query] GET https://api.github.com/repos//actions/secrets/public-key type=owner
[debug] [2024-03-04T20:18:47.511Z] <<< [apiv2][status] GET https://api.github.com/repos//actions/secrets/public-key 404
[debug] [2024-03-04T20:18:47.512Z] <<< [apiv2][body] GET https://api.github.com/repos//actions/secrets/public-key {"message":"Not Found","documentation_url":"https://docs.github.com/rest"}
[info] 
[info] 
[error] !  The provided authorization cannot be used with this repository. If this repository is in an organization, did you remember to grant access? 
[info] 
[info] i  Action required: Visit this URL to ensure access has been granted to the appropriate organization(s) for the Firebase CLI GitHub OAuth App: 
[info] https://github.com/settings/connections/applications/89cf50f02ac6aaed3484
[info] 
[debug] [2024-03-04T20:18:55.274Z] >>> [apiv2][query] GET https://api.github.com/repos/y/actions/secrets/public-key type=owner
[debug] [2024-03-04T20:18:55.535Z] <<< [apiv2][status] GET https://api.github.com/repos/y/actions/secrets/public-key 404
[debug] [2024-03-04T20:18:55.535Z] <<< [apiv2][body] GET https://api.github.com/repos/y/actions/secrets/public-key {"message":"Not Found","documentation_url":"https://docs.github.com/rest"}
[info] 
[info] 
[error] !  The provided authorization cannot be used with this repository. If this repository is in an organization, did you remember to grant access? 
[info] 
[info] i  Action required: Visit this URL to ensure access has been granted to the appropriate organization(s) for the Firebase CLI GitHub OAuth App: 
[info] https://github.com/settings/connections/applications/89cf50f02ac6aaed3484
[info] 
[debug] [2024-03-04T20:19:10.211Z] >>> [apiv2][query] GET https://api.github.com/repos/n/actions/secrets/public-key type=owner
[debug] [2024-03-04T20:19:10.480Z] <<< [apiv2][status] GET https://api.github.com/repos/n/actions/secrets/public-key 404
[debug] [2024-03-04T20:19:10.480Z] <<< [apiv2][body] GET https://api.github.com/repos/n/actions/secrets/public-key {"message":"Not Found","documentation_url":"https://docs.github.com/rest"}
[info] 
[info] 
[error] !  The provided authorization cannot be used with this repository. If this repository is in an organization, did you remember to grant access? 
[info] 
[info] i  Action required: Visit this URL to ensure access has been granted to the appropriate organization(s) for the Firebase CLI GitHub OAuth App: 
[info] https://github.com/settings/connections/applications/89cf50f02ac6aaed3484
[info] 
